빌드 시작: 2015-12-26 오후 5:36:17
     1>2 노드의 "C:\Users\hyunjoon\documents\visual studio 2010\Projects\Assn5\Assn5\Assn5.vcxproj" 프로젝트(build 대상)입니다.
     1>InitializeBuildStatus:
         "AlwaysCreate"이(가) 지정되었기 때문에 "Debug\Assn5.unsuccessfulbuild"을(를) 만들고 있습니다.
       ClCompile:
         c:\Program Files (x86)\Microsoft Visual Studio 10.0\VC\bin\CL.exe /c /ZI /nologo /W3 /WX- /Od /Oy- /D _MBCS /Gm /EHsc /RTC1 /MDd /GS /fp:precise /Zc:wchar_t /Zc:forScope /Fo"Debug\\" /Fd"Debug\vc100.pdb" /Gd /TC /analyze- /errorReport:prompt move.c
         move.c
     1>c:\users\hyunjoon\documents\visual studio 2010\projects\assn5\assn5\move.c(20): warning C4996: 'scanf': This function or variable may be unsafe. Consider using scanf_s instead. To disable deprecation, use _CRT_SECURE_NO_WARNINGS. See online help for details.
                 c:\program files (x86)\microsoft visual studio 10.0\vc\include\stdio.h(304) : 'scanf' 선언을 참조하십시오.
     1>c:\users\hyunjoon\documents\visual studio 2010\projects\assn5\assn5\move.c(24): warning C4996: 'scanf': This function or variable may be unsafe. Consider using scanf_s instead. To disable deprecation, use _CRT_SECURE_NO_WARNINGS. See online help for details.
                 c:\program files (x86)\microsoft visual studio 10.0\vc\include\stdio.h(304) : 'scanf' 선언을 참조하십시오.
     1>c:\users\hyunjoon\documents\visual studio 2010\projects\assn5\assn5\move.c(51): warning C4996: 'scanf': This function or variable may be unsafe. Consider using scanf_s instead. To disable deprecation, use _CRT_SECURE_NO_WARNINGS. See online help for details.
                 c:\program files (x86)\microsoft visual studio 10.0\vc\include\stdio.h(304) : 'scanf' 선언을 참조하십시오.
     1>c:\users\hyunjoon\documents\visual studio 2010\projects\assn5\assn5\move.c(73): warning C4996: 'scanf': This function or variable may be unsafe. Consider using scanf_s instead. To disable deprecation, use _CRT_SECURE_NO_WARNINGS. See online help for details.
                 c:\program files (x86)\microsoft visual studio 10.0\vc\include\stdio.h(304) : 'scanf' 선언을 참조하십시오.
     1>c:\users\hyunjoon\documents\visual studio 2010\projects\assn5\assn5\move.c(78): warning C4996: 'scanf': This function or variable may be unsafe. Consider using scanf_s instead. To disable deprecation, use _CRT_SECURE_NO_WARNINGS. See online help for details.
                 c:\program files (x86)\microsoft visual studio 10.0\vc\include\stdio.h(304) : 'scanf' 선언을 참조하십시오.
       Link:
         c:\Program Files (x86)\Microsoft Visual Studio 10.0\VC\bin\link.exe /ERRORREPORT:PROMPT /OUT:"C:\Users\hyunjoon\documents\visual studio 2010\Projects\Assn5\Debug\Assn5.exe" /NOLOGO kernel32.lib user32.lib gdi32.lib winspool.lib comdlg32.lib advapi32.lib shell32.lib ole32.lib oleaut32.lib uuid.lib odbc32.lib odbccp32.lib /MANIFEST /ManifestFile:"Debug\Assn5.exe.intermediate.manifest" /MANIFESTUAC:"level='asInvoker' uiAccess='false'" /DEBUG /PDB:"C:\Users\hyunjoon\documents\visual studio 2010\Projects\Assn5\Debug\Assn5.pdb" /TLBID:1 /DYNAMICBASE /NXCOMPAT /IMPLIB:"C:\Users\hyunjoon\documents\visual studio 2010\Projects\Assn5\Debug\Assn5.lib" /MACHINE:X86 Debug\board.obj
         Debug\card.obj
         Debug\checkWin.obj
         Debug\console.obj
         Debug\file.obj
         Debug\log.obj
         Debug\main.obj
         Debug\move.obj
         Debug\print.obj
         Debug\set.obj
         LINK : C:\Users\hyunjoon\documents\visual studio 2010\Projects\Assn5\Debug\Assn5.exe을(를) 찾을 수 없거나 마지막 증분 링크에 의해 빌드되지 않았습니다. 전체 링크를 수행하고 있습니다.
         Assn5.vcxproj -> C:\Users\hyunjoon\documents\visual studio 2010\Projects\Assn5\Debug\Assn5.exe
       Manifest:
         C:\Program Files (x86)\Microsoft SDKs\Windows\v7.0A\bin\mt.exe /nologo /verbose /outputresource:"C:\Users\hyunjoon\documents\visual studio 2010\Projects\Assn5\Debug\Assn5.exe;#1" /manifest Debug\Assn5.exe.intermediate.manifest
       FinalizeBuildStatus:
         "Debug\Assn5.unsuccessfulbuild" 파일을 삭제하고 있습니다.
         "Debug\Assn5.lastbuildstate"에 연결(touching)하고 있습니다.
     1>"C:\Users\hyunjoon\documents\visual studio 2010\Projects\Assn5\Assn5\Assn5.vcxproj" 프로젝트를 빌드했습니다(build 대상).

빌드했습니다.

경과 시간: 00:00:00.64
